<?xml version="1.0" encoding="UTF-8"?>
<!-- Generated by org.testng.reporters.JUnitReportReporter -->
<testsuite hostname="LPCAIQ1119" failures="0" tests="1" name="tests.AddDeviceTest" time="7.736" errors="0" timestamp="2024-09-17T22:18:24 EEST" skipped="0">
  <testcase classname="tests.AddDeviceTest" name="testAddNewDevice" time="7.736"/>
  <system-out/>
</testsuite> <!-- tests.AddDeviceTest -->
